<?xml version="1.0" encoding="UTF-8"?>
<testsuite xmlns:xsi="http://www.w3.org/2001/XMLSchema-instance" xsi:noNamespaceSchemaLocation="https://maven.apache.org/surefire/maven-surefire-plugin/xsd/surefire-test-report-3.0.xsd" version="3.0" name="TestSuite" time="292.109" tests="2" errors="0" skipped="0" failures="0">
  <properties>
    <property name="java.specification.version" value="15"/>
    <property name="sun.cpu.isalist" value="amd64"/>
    <property name="sun.jnu.encoding" value="Cp1252"/>
    <property name="java.class.path" value="E:\SeleniumProjects\DemoQA1\target\test-classes;E:\SeleniumProjects\DemoQA1\target\classes;E:\CommonSetup\MavenLocalRepository\org\seleniumhq\selenium\selenium-java\4.20.0\selenium-java-4.20.0.jar;E:\CommonSetup\MavenLocalRepository\org\seleniumhq\selenium\selenium-api\4.20.0\selenium-api-4.20.0.jar;E:\CommonSetup\MavenLocalRepository\org\seleniumhq\selenium\selenium-chrome-driver\4.20.0\selenium-chrome-driver-4.20.0.jar;E:\CommonSetup\MavenLocalRepository\com\google\auto\service\auto-service-annotations\1.1.1\auto-service-annotations-1.1.1.jar;E:\CommonSetup\MavenLocalRepository\org\seleniumhq\selenium\selenium-chromium-driver\4.20.0\selenium-chromium-driver-4.20.0.jar;E:\CommonSetup\MavenLocalRepository\org\seleniumhq\selenium\selenium-json\4.20.0\selenium-json-4.20.0.jar;E:\CommonSetup\MavenLocalRepository\org\seleniumhq\selenium\selenium-manager\4.20.0\selenium-manager-4.20.0.jar;E:\CommonSetup\MavenLocalRepository\org\seleniumhq\selenium\selenium-devtools-v122\4.20.0\selenium-devtools-v122-4.20.0.jar;E:\CommonSetup\MavenLocalRepository\org\seleniumhq\selenium\selenium-devtools-v123\4.20.0\selenium-devtools-v123-4.20.0.jar;E:\CommonSetup\MavenLocalRepository\org\seleniumhq\selenium\selenium-devtools-v124\4.20.0\selenium-devtools-v124-4.20.0.jar;E:\CommonSetup\MavenLocalRepository\org\seleniumhq\selenium\selenium-devtools-v85\4.20.0\selenium-devtools-v85-4.20.0.jar;E:\CommonSetup\MavenLocalRepository\org\seleniumhq\selenium\selenium-edge-driver\4.20.0\selenium-edge-driver-4.20.0.jar;E:\CommonSetup\MavenLocalRepository\org\seleniumhq\selenium\selenium-firefox-driver\4.20.0\selenium-firefox-driver-4.20.0.jar;E:\CommonSetup\MavenLocalRepository\org\seleniumhq\selenium\selenium-http\4.20.0\selenium-http-4.20.0.jar;E:\CommonSetup\MavenLocalRepository\dev\failsafe\failsafe\3.3.2\failsafe-3.3.2.jar;E:\CommonSetup\MavenLocalRepository\org\seleniumhq\selenium\selenium-ie-driver\4.20.0\selenium-ie-driver-4.20.0.jar;E:\CommonSetup\MavenLocalRepository\org\seleniumhq\selenium\selenium-remote-driver\4.20.0\selenium-remote-driver-4.20.0.jar;E:\CommonSetup\MavenLocalRepository\com\google\guava\guava\33.1.0-jre\guava-33.1.0-jre.jar;E:\CommonSetup\MavenLocalRepository\com\google\guava\failureaccess\1.0.2\failureaccess-1.0.2.jar;E:\CommonSetup\MavenLocalRepository\com\google\guava\listenablefuture\9999.0-empty-to-avoid-conflict-with-guava\listenablefuture-9999.0-empty-to-avoid-conflict-with-guava.jar;E:\CommonSetup\MavenLocalRepository\com\google\code\findbugs\jsr305\3.0.2\jsr305-3.0.2.jar;E:\CommonSetup\MavenLocalRepository\org\checkerframework\checker-qual\3.42.0\checker-qual-3.42.0.jar;E:\CommonSetup\MavenLocalRepository\com\google\errorprone\error_prone_annotations\2.26.1\error_prone_annotations-2.26.1.jar;E:\CommonSetup\MavenLocalRepository\com\google\j2objc\j2objc-annotations\3.0.0\j2objc-annotations-3.0.0.jar;E:\CommonSetup\MavenLocalRepository\io\opentelemetry\semconv\opentelemetry-semconv\1.25.0-alpha\opentelemetry-semconv-1.25.0-alpha.jar;E:\CommonSetup\MavenLocalRepository\io\opentelemetry\opentelemetry-api\1.37.0\opentelemetry-api-1.37.0.jar;E:\CommonSetup\MavenLocalRepository\io\opentelemetry\opentelemetry-context\1.37.0\opentelemetry-context-1.37.0.jar;E:\CommonSetup\MavenLocalRepository\io\opentelemetry\opentelemetry-exporter-logging\1.37.0\opentelemetry-exporter-logging-1.37.0.jar;E:\CommonSetup\MavenLocalRepository\io\opentelemetry\opentelemetry-sdk-common\1.37.0\opentelemetry-sdk-common-1.37.0.jar;E:\CommonSetup\MavenLocalRepository\io\opentelemetry\opentelemetry-sdk-extension-autoconfigure-spi\1.37.0\opentelemetry-sdk-extension-autoconfigure-spi-1.37.0.jar;E:\CommonSetup\MavenLocalRepository\io\opentelemetry\opentelemetry-sdk-extension-autoconfigure\1.37.0\opentelemetry-sdk-extension-autoconfigure-1.37.0.jar;E:\CommonSetup\MavenLocalRepository\io\opentelemetry\opentelemetry-api-incubator\1.37.0-alpha\opentelemetry-api-incubator-1.37.0-alpha.jar;E:\CommonSetup\MavenLocalRepository\io\opentelemetry\opentelemetry-sdk-trace\1.37.0\opentelemetry-sdk-trace-1.37.0.jar;E:\CommonSetup\MavenLocalRepository\io\opentelemetry\opentelemetry-sdk\1.37.0\opentelemetry-sdk-1.37.0.jar;E:\CommonSetup\MavenLocalRepository\io\opentelemetry\opentelemetry-sdk-metrics\1.37.0\opentelemetry-sdk-metrics-1.37.0.jar;E:\CommonSetup\MavenLocalRepository\io\opentelemetry\opentelemetry-sdk-logs\1.37.0\opentelemetry-sdk-logs-1.37.0.jar;E:\CommonSetup\MavenLocalRepository\net\bytebuddy\byte-buddy\1.14.14\byte-buddy-1.14.14.jar;E:\CommonSetup\MavenLocalRepository\org\seleniumhq\selenium\selenium-os\4.20.0\selenium-os-4.20.0.jar;E:\CommonSetup\MavenLocalRepository\org\apache\commons\commons-exec\1.4.0\commons-exec-1.4.0.jar;E:\CommonSetup\MavenLocalRepository\org\seleniumhq\selenium\selenium-safari-driver\4.20.0\selenium-safari-driver-4.20.0.jar;E:\CommonSetup\MavenLocalRepository\org\seleniumhq\selenium\selenium-support\4.20.0\selenium-support-4.20.0.jar;E:\CommonSetup\MavenLocalRepository\org\testng\testng\7.10.2\testng-7.10.2.jar;E:\CommonSetup\MavenLocalRepository\org\slf4j\slf4j-api\1.7.36\slf4j-api-1.7.36.jar;E:\CommonSetup\MavenLocalRepository\com\beust\jcommander\1.82\jcommander-1.82.jar;E:\CommonSetup\MavenLocalRepository\org\webjars\jquery\3.7.1\jquery-3.7.1.jar;E:\CommonSetup\MavenLocalRepository\org\apache\commons\commons-lang3\3.14.0\commons-lang3-3.14.0.jar;"/>
    <property name="java.vm.vendor" value="Oracle Corporation"/>
    <property name="sun.arch.data.model" value="64"/>
    <property name="user.variant" value=""/>
    <property name="java.vendor.url" value="https://java.oracle.com/"/>
    <property name="user.timezone" value="Asia/Calcutta"/>
    <property name="os.name" value="Windows 10"/>
    <property name="java.vm.specification.version" value="15"/>
    <property name="sun.java.launcher" value="SUN_STANDARD"/>
    <property name="user.country" value="IN"/>
    <property name="sun.boot.library.path" value="C:\Program Files\Java\jdk-15.0.1\bin"/>
    <property name="sun.java.command" value="C:\Users\Kedar Datar\AppData\Local\Temp\surefire7192066458655642505\surefirebooter-20240531124008457_3.jar C:\Users\Kedar Datar\AppData\Local\Temp\surefire7192066458655642505 2024-05-31T12-40-08_270-jvmRun1 surefire-20240531124008457_1tmp surefire_0-20240531124008457_2tmp"/>
    <property name="jdk.debug" value="release"/>
    <property name="surefire.test.class.path" value="E:\SeleniumProjects\DemoQA1\target\test-classes;E:\SeleniumProjects\DemoQA1\target\classes;E:\CommonSetup\MavenLocalRepository\org\seleniumhq\selenium\selenium-java\4.20.0\selenium-java-4.20.0.jar;E:\CommonSetup\MavenLocalRepository\org\seleniumhq\selenium\selenium-api\4.20.0\selenium-api-4.20.0.jar;E:\CommonSetup\MavenLocalRepository\org\seleniumhq\selenium\selenium-chrome-driver\4.20.0\selenium-chrome-driver-4.20.0.jar;E:\CommonSetup\MavenLocalRepository\com\google\auto\service\auto-service-annotations\1.1.1\auto-service-annotations-1.1.1.jar;E:\CommonSetup\MavenLocalRepository\org\seleniumhq\selenium\selenium-chromium-driver\4.20.0\selenium-chromium-driver-4.20.0.jar;E:\CommonSetup\MavenLocalRepository\org\seleniumhq\selenium\selenium-json\4.20.0\selenium-json-4.20.0.jar;E:\CommonSetup\MavenLocalRepository\org\seleniumhq\selenium\selenium-manager\4.20.0\selenium-manager-4.20.0.jar;E:\CommonSetup\MavenLocalRepository\org\seleniumhq\selenium\selenium-devtools-v122\4.20.0\selenium-devtools-v122-4.20.0.jar;E:\CommonSetup\MavenLocalRepository\org\seleniumhq\selenium\selenium-devtools-v123\4.20.0\selenium-devtools-v123-4.20.0.jar;E:\CommonSetup\MavenLocalRepository\org\seleniumhq\selenium\selenium-devtools-v124\4.20.0\selenium-devtools-v124-4.20.0.jar;E:\CommonSetup\MavenLocalRepository\org\seleniumhq\selenium\selenium-devtools-v85\4.20.0\selenium-devtools-v85-4.20.0.jar;E:\CommonSetup\MavenLocalRepository\org\seleniumhq\selenium\selenium-edge-driver\4.20.0\selenium-edge-driver-4.20.0.jar;E:\CommonSetup\MavenLocalRepository\org\seleniumhq\selenium\selenium-firefox-driver\4.20.0\selenium-firefox-driver-4.20.0.jar;E:\CommonSetup\MavenLocalRepository\org\seleniumhq\selenium\selenium-http\4.20.0\selenium-http-4.20.0.jar;E:\CommonSetup\MavenLocalRepository\dev\failsafe\failsafe\3.3.2\failsafe-3.3.2.jar;E:\CommonSetup\MavenLocalRepository\org\seleniumhq\selenium\selenium-ie-driver\4.20.0\selenium-ie-driver-4.20.0.jar;E:\CommonSetup\MavenLocalRepository\org\seleniumhq\selenium\selenium-remote-driver\4.20.0\selenium-remote-driver-4.20.0.jar;E:\CommonSetup\MavenLocalRepository\com\google\guava\guava\33.1.0-jre\guava-33.1.0-jre.jar;E:\CommonSetup\MavenLocalRepository\com\google\guava\failureaccess\1.0.2\failureaccess-1.0.2.jar;E:\CommonSetup\MavenLocalRepository\com\google\guava\listenablefuture\9999.0-empty-to-avoid-conflict-with-guava\listenablefuture-9999.0-empty-to-avoid-conflict-with-guava.jar;E:\CommonSetup\MavenLocalRepository\com\google\code\findbugs\jsr305\3.0.2\jsr305-3.0.2.jar;E:\CommonSetup\MavenLocalRepository\org\checkerframework\checker-qual\3.42.0\checker-qual-3.42.0.jar;E:\CommonSetup\MavenLocalRepository\com\google\errorprone\error_prone_annotations\2.26.1\error_prone_annotations-2.26.1.jar;E:\CommonSetup\MavenLocalRepository\com\google\j2objc\j2objc-annotations\3.0.0\j2objc-annotations-3.0.0.jar;E:\CommonSetup\MavenLocalRepository\io\opentelemetry\semconv\opentelemetry-semconv\1.25.0-alpha\opentelemetry-semconv-1.25.0-alpha.jar;E:\CommonSetup\MavenLocalRepository\io\opentelemetry\opentelemetry-api\1.37.0\opentelemetry-api-1.37.0.jar;E:\CommonSetup\MavenLocalRepository\io\opentelemetry\opentelemetry-context\1.37.0\opentelemetry-context-1.37.0.jar;E:\CommonSetup\MavenLocalRepository\io\opentelemetry\opentelemetry-exporter-logging\1.37.0\opentelemetry-exporter-logging-1.37.0.jar;E:\CommonSetup\MavenLocalRepository\io\opentelemetry\opentelemetry-sdk-common\1.37.0\opentelemetry-sdk-common-1.37.0.jar;E:\CommonSetup\MavenLocalRepository\io\opentelemetry\opentelemetry-sdk-extension-autoconfigure-spi\1.37.0\opentelemetry-sdk-extension-autoconfigure-spi-1.37.0.jar;E:\CommonSetup\MavenLocalRepository\io\opentelemetry\opentelemetry-sdk-extension-autoconfigure\1.37.0\opentelemetry-sdk-extension-autoconfigure-1.37.0.jar;E:\CommonSetup\MavenLocalRepository\io\opentelemetry\opentelemetry-api-incubator\1.37.0-alpha\opentelemetry-api-incubator-1.37.0-alpha.jar;E:\CommonSetup\MavenLocalRepository\io\opentelemetry\opentelemetry-sdk-trace\1.37.0\opentelemetry-sdk-trace-1.37.0.jar;E:\CommonSetup\MavenLocalRepository\io\opentelemetry\opentelemetry-sdk\1.37.0\opentelemetry-sdk-1.37.0.jar;E:\CommonSetup\MavenLocalRepository\io\opentelemetry\opentelemetry-sdk-metrics\1.37.0\opentelemetry-sdk-metrics-1.37.0.jar;E:\CommonSetup\MavenLocalRepository\io\opentelemetry\opentelemetry-sdk-logs\1.37.0\opentelemetry-sdk-logs-1.37.0.jar;E:\CommonSetup\MavenLocalRepository\net\bytebuddy\byte-buddy\1.14.14\byte-buddy-1.14.14.jar;E:\CommonSetup\MavenLocalRepository\org\seleniumhq\selenium\selenium-os\4.20.0\selenium-os-4.20.0.jar;E:\CommonSetup\MavenLocalRepository\org\apache\commons\commons-exec\1.4.0\commons-exec-1.4.0.jar;E:\CommonSetup\MavenLocalRepository\org\seleniumhq\selenium\selenium-safari-driver\4.20.0\selenium-safari-driver-4.20.0.jar;E:\CommonSetup\MavenLocalRepository\org\seleniumhq\selenium\selenium-support\4.20.0\selenium-support-4.20.0.jar;E:\CommonSetup\MavenLocalRepository\org\testng\testng\7.10.2\testng-7.10.2.jar;E:\CommonSetup\MavenLocalRepository\org\slf4j\slf4j-api\1.7.36\slf4j-api-1.7.36.jar;E:\CommonSetup\MavenLocalRepository\com\beust\jcommander\1.82\jcommander-1.82.jar;E:\CommonSetup\MavenLocalRepository\org\webjars\jquery\3.7.1\jquery-3.7.1.jar;E:\CommonSetup\MavenLocalRepository\org\apache\commons\commons-lang3\3.14.0\commons-lang3-3.14.0.jar;"/>
    <property name="sun.cpu.endian" value="little"/>
    <property name="user.home" value="C:\Users\Kedar Datar"/>
    <property name="user.language" value="en"/>
    <property name="java.specification.vendor" value="Oracle Corporation"/>
    <property name="java.version.date" value="2020-10-20"/>
    <property name="java.home" value="C:\Program Files\Java\jdk-15.0.1"/>
    <property name="file.separator" value="\"/>
    <property name="basedir" value="E:\SeleniumProjects\DemoQA1"/>
    <property name="java.vm.compressedOopsMode" value="32-bit"/>
    <property name="line.separator" value="&#10;"/>
    <property name="java.vm.specification.vendor" value="Oracle Corporation"/>
    <property name="java.specification.name" value="Java Platform API Specification"/>
    <property name="surefire.real.class.path" value="C:\Users\Kedar Datar\AppData\Local\Temp\surefire7192066458655642505\surefirebooter-20240531124008457_3.jar"/>
    <property name="user.script" value=""/>
    <property name="sun.management.compiler" value="HotSpot 64-Bit Tiered Compilers"/>
    <property name="java.runtime.version" value="15.0.1+9-18"/>
    <property name="user.name" value="Kedar Datar"/>
    <property name="path.separator" value=";"/>
    <property name="os.version" value="10.0"/>
    <property name="java.runtime.name" value="Java(TM) SE Runtime Environment"/>
    <property name="file.encoding" value="Cp1252"/>
    <property name="java.vm.name" value="Java HotSpot(TM) 64-Bit Server VM"/>
    <property name="localRepository" value="E:\CommonSetup\MavenLocalRepository"/>
    <property name="java.vendor.url.bug" value="https://bugreport.java.com/bugreport/"/>
    <property name="java.io.tmpdir" value="C:\Users\KEDARD~1\AppData\Local\Temp\"/>
    <property name="java.version" value="15.0.1"/>
    <property name="user.dir" value="E:\SeleniumProjects\DemoQA1"/>
    <property name="os.arch" value="amd64"/>
    <property name="java.vm.specification.name" value="Java Virtual Machine Specification"/>
    <property name="sun.os.patch.level" value=""/>
    <property name="java.library.path" value="C:\Program Files\Java\jdk-15.0.1\bin;C:\windows\Sun\Java\bin;C:\windows\system32;C:\windows;C:\oraclexe\app\oracle\product\11.2.0\server\bin;;C:\Program Files\Common Files\Oracle\Java\javapath;C:\Program Files (x86)\Common Files\Oracle\Java\javapath;C:\windows\system32;C:\windows;C:\windows\System32\Wbem;C:\windows\System32\WindowsPowerShell\v1.0\;C:\windows\System32\OpenSSH\;C:\Program Files\Java\jdk-15.0.1\bin;&quot;C:\Program Files\Java\jdk-15.0.1\bin;&quot;;C:\Program Files\nodejs\;C:\ProgramData\chocolatey\bin;C:\Users\Kedar Datar\AppData\Local\Programs\Python\Python39\Scripts\;C:\Users\Kedar Datar\AppData\Local\Programs\Python\Python39\;C:\Users\Kedar Datar\AppData\Local\Microsoft\WindowsApps;C:\Program Files\Java\jdk-15.0.1\bin;C:\Users\Kedar Datar\AppData\Local\GitHubDesktop\bin;E:\CommonSetup\apache-maven-3.6.3-bin\apache-maven-3.6.3\bin;C:\Program Files\Java\jdk-15.0.1\bin;C:\Users\Kedar Datar\AppData\Roaming\npm;."/>
    <property name="java.vm.info" value="mixed mode, sharing"/>
    <property name="java.vendor" value="Oracle Corporation"/>
    <property name="java.vm.version" value="15.0.1+9-18"/>
    <property name="sun.io.unicode.encoding" value="UnicodeLittle"/>
    <property name="java.class.version" value="59.0"/>
  </properties>
  <testcase name="RunAllTestCases[Windows, chrome](1)" classname="demoqa1.Driver" time="169.202">
    <system-err><![CDATA[SLF4J: Failed to load class "org.slf4j.impl.StaticLoggerBinder".
SLF4J: Defaulting to no-operation (NOP) logger implementation
SLF4J: See http://www.slf4j.org/codes.html#StaticLoggerBinder for further details.
May 31, 2024 12:40:13 PM org.openqa.selenium.devtools.CdpVersionFinder findNearestMatch
WARNING: Unable to find an exact match for CDP version 125, returning the closest version; found: 124; Please update to a Selenium version that supports CDP version 125
May 31, 2024 12:42:43 PM org.openqa.selenium.remote.http.WebSocket$Listener onError
WARNING: Connection reset
java.net.SocketException: Connection reset
	at java.base/sun.nio.ch.SocketChannelImpl.throwConnectionReset(SocketChannelImpl.java:367)
	at java.base/sun.nio.ch.SocketChannelImpl.read(SocketChannelImpl.java:398)
	at java.net.http/jdk.internal.net.http.SocketTube.readAvailable(SocketTube.java:1153)
	at java.net.http/jdk.internal.net.http.SocketTube$InternalReadPublisher$InternalReadSubscription.read(SocketTube.java:821)
	at java.net.http/jdk.internal.net.http.SocketTube$SocketFlowTask.run(SocketTube.java:175)
	at java.net.http/jdk.internal.net.http.common.SequentialScheduler$SchedulableTask.run(SequentialScheduler.java:198)
	at java.net.http/jdk.internal.net.http.common.SequentialScheduler.runOrSchedule(SequentialScheduler.java:271)
	at java.net.http/jdk.internal.net.http.common.SequentialScheduler.runOrSchedule(SequentialScheduler.java:224)
	at java.net.http/jdk.internal.net.http.SocketTube$InternalReadPublisher$InternalReadSubscription.signalReadable(SocketTube.java:763)
	at java.net.http/jdk.internal.net.http.SocketTube$InternalReadPublisher$ReadEvent.signalEvent(SocketTube.java:941)
	at java.net.http/jdk.internal.net.http.SocketTube$SocketFlowEvent.handle(SocketTube.java:245)
	at java.net.http/jdk.internal.net.http.HttpClientImpl$SelectorManager.handleEvent(HttpClientImpl.java:956)
	at java.net.http/jdk.internal.net.http.HttpClientImpl$SelectorManager.lambda$run$3(HttpClientImpl.java:911)
	at java.base/java.util.ArrayList.forEach(ArrayList.java:1511)
	at java.net.http/jdk.internal.net.http.HttpClientImpl$SelectorManager.run(HttpClientImpl.java:911)

May 31, 2024 12:42:45 PM org.openqa.selenium.devtools.CdpVersionFinder findNearestMatch
WARNING: Unable to find an exact match for CDP version 125, returning the closest version; found: 124; Please update to a Selenium version that supports CDP version 125
]]></system-err>
  </testcase>
  <testcase name="RunAllTestCases[Windows, edge](1)" classname="demoqa1.Driver" time="122.256">
    <system-err><![CDATA[May 31, 2024 12:43:04 PM org.openqa.selenium.devtools.CdpVersionFinder findNearestMatch
WARNING: Unable to find an exact match for CDP version 125, returning the closest version; found: 124; Please update to a Selenium version that supports CDP version 125
May 31, 2024 12:44:49 PM org.openqa.selenium.remote.http.WebSocket$Listener onError
WARNING: Connection reset
java.net.SocketException: Connection reset
	at java.base/sun.nio.ch.SocketChannelImpl.throwConnectionReset(SocketChannelImpl.java:367)
	at java.base/sun.nio.ch.SocketChannelImpl.read(SocketChannelImpl.java:398)
	at java.net.http/jdk.internal.net.http.SocketTube.readAvailable(SocketTube.java:1153)
	at java.net.http/jdk.internal.net.http.SocketTube$InternalReadPublisher$InternalReadSubscription.read(SocketTube.java:821)
	at java.net.http/jdk.internal.net.http.SocketTube$SocketFlowTask.run(SocketTube.java:175)
	at java.net.http/jdk.internal.net.http.common.SequentialScheduler$SchedulableTask.run(SequentialScheduler.java:198)
	at java.net.http/jdk.internal.net.http.common.SequentialScheduler.runOrSchedule(SequentialScheduler.java:271)
	at java.net.http/jdk.internal.net.http.common.SequentialScheduler.runOrSchedule(SequentialScheduler.java:224)
	at java.net.http/jdk.internal.net.http.SocketTube$InternalReadPublisher$InternalReadSubscription.signalReadable(SocketTube.java:763)
	at java.net.http/jdk.internal.net.http.SocketTube$InternalReadPublisher$ReadEvent.signalEvent(SocketTube.java:941)
	at java.net.http/jdk.internal.net.http.SocketTube$SocketFlowEvent.handle(SocketTube.java:245)
	at java.net.http/jdk.internal.net.http.HttpClientImpl$SelectorManager.handleEvent(HttpClientImpl.java:956)
	at java.net.http/jdk.internal.net.http.HttpClientImpl$SelectorManager.lambda$run$3(HttpClientImpl.java:911)
	at java.base/java.util.ArrayList.forEach(ArrayList.java:1511)
	at java.net.http/jdk.internal.net.http.HttpClientImpl$SelectorManager.run(HttpClientImpl.java:911)

May 31, 2024 12:44:53 PM org.openqa.selenium.devtools.CdpVersionFinder findNearestMatch
WARNING: Unable to find an exact match for CDP version 125, returning the closest version; found: 124; Please update to a Selenium version that supports CDP version 125
May 31, 2024 12:45:02 PM org.openqa.selenium.remote.http.WebSocket$Listener onError
WARNING: Connection reset
java.net.SocketException: Connection reset
	at java.base/sun.nio.ch.SocketChannelImpl.throwConnectionReset(SocketChannelImpl.java:367)
	at java.base/sun.nio.ch.SocketChannelImpl.read(SocketChannelImpl.java:398)
	at java.net.http/jdk.internal.net.http.SocketTube.readAvailable(SocketTube.java:1153)
	at java.net.http/jdk.internal.net.http.SocketTube$InternalReadPublisher$InternalReadSubscription.read(SocketTube.java:821)
	at java.net.http/jdk.internal.net.http.SocketTube$SocketFlowTask.run(SocketTube.java:175)
	at java.net.http/jdk.internal.net.http.common.SequentialScheduler$SchedulableTask.run(SequentialScheduler.java:198)
	at java.net.http/jdk.internal.net.http.common.SequentialScheduler.runOrSchedule(SequentialScheduler.java:271)
	at java.net.http/jdk.internal.net.http.common.SequentialScheduler.runOrSchedule(SequentialScheduler.java:224)
	at java.net.http/jdk.internal.net.http.SocketTube$InternalReadPublisher$InternalReadSubscription.signalReadable(SocketTube.java:763)
	at java.net.http/jdk.internal.net.http.SocketTube$InternalReadPublisher$ReadEvent.signalEvent(SocketTube.java:941)
	at java.net.http/jdk.internal.net.http.SocketTube$SocketFlowEvent.handle(SocketTube.java:245)
	at java.net.http/jdk.internal.net.http.HttpClientImpl$SelectorManager.handleEvent(HttpClientImpl.java:956)
	at java.net.http/jdk.internal.net.http.HttpClientImpl$SelectorManager.lambda$run$3(HttpClientImpl.java:911)
	at java.base/java.util.ArrayList.forEach(ArrayList.java:1511)
	at java.net.http/jdk.internal.net.http.HttpClientImpl$SelectorManager.run(HttpClientImpl.java:911)

]]></system-err>
  </testcase>
</testsuite>