<?xml version="1.0" encoding="UTF-8"?>
<!-- Generated by org.testng.reporters.JUnitReportReporter -->
<testsuite hostname="LAPTOP-93CIBO5F" failures="0" tests="1" name="demoqa1.TC_001_AccountRegistrationTest" time="9.025" errors="0" timestamp="2024-05-31T15:15:00 IST" skipped="0">
  <testcase classname="demoqa1.TC_001_AccountRegistrationTest" name="Verify_Account_Registration" time="9.025"/>
  <system-out/>
</testsuite> <!-- demoqa1.TC_001_AccountRegistrationTest -->
