<?xml version="1.0" encoding="UTF-8"?>
<!-- Generated by org.testng.reporters.JUnitReportReporter -->
<testsuite hostname="LAPTOP-93CIBO5F" failures="0" tests="1" name="demoqa1.Driver" time="37.451" errors="0" timestamp="2024-05-31T12:54:26 IST" skipped="0">
  <testcase classname="demoqa1.Driver" name="RunAllTestCases" time="37.451"/>
  <system-out/>
</testsuite> <!-- demoqa1.Driver -->
