<?xml version="1.0" encoding="UTF-8"?>
<!-- Generated by org.testng.reporters.JUnitReportReporter -->
<testsuite hostname="LAPTOP-93CIBO5F" failures="0" tests="2" name="demoqa1.Driver" time="291.272" errors="0" timestamp="2024-05-31T12:45:02 IST" skipped="0">
  <testcase classname="demoqa1.Driver" name="RunAllTestCases" time="169.197"/>
  <testcase classname="demoqa1.Driver" name="RunAllTestCases" time="122.075"/>
</testsuite> <!-- demoqa1.Driver -->
